# JRE version: Java(TM) SE Runtime Environment (8.0_121-b13) (build 1.8.0_121-b13)
# Java VM: Java HotSpot(TM) 64-Bit Server VM (25.121-b13 mixed mode windows-amd64 compressed oops)
Heap:
 PSYoungGen      total 13312K, used 8310K [0x00000000eab00000, 0x00000000ebd80000, 0x0000000100000000)
  eden space 10240K, 53% used [0x00000000eab00000,0x00000000eb064fa8,0x00000000eb500000)
  from space 3072K, 90% used [0x00000000eba80000,0x00000000ebd38c00,0x00000000ebd80000)
  to   space 4096K, 0% used [0x00000000eb580000,0x00000000eb580000,0x00000000eb980000)
 ParOldGen       total 10752K, used 5185K [0x00000000c0000000, 0x00000000c0a80000, 0x00000000eab00000)
  object space 10752K, 48% used [0x00000000c0000000,0x00000000c05106c0,0x00000000c0a80000)
 Metaspace       used 8561K, capacity 9088K, committed 9344K, reserved 1056768K
  class space    used 1017K, capacity 1076K, committed 1152K, reserved 1048576K
GC Heap History (10 events):
Event: 1.277 GC heap before
{Heap before GC invocations=3 (full 0):
 PSYoungGen      total 3584K, used 3584K [0x00000000eab00000, 0x00000000eaf00000, 0x0000000100000000)
  eden space 3072K, 100% used [0x00000000eab00000,0x00000000eae00000,0x00000000eae00000)
  from space 512K, 100% used [0x00000000eae80000,0x00000000eaf00000,0x00000000eaf00000)
  to   space 512K, 0% used [0x00000000eae00000,0x00000000eae00000,0x00000000eae80000)
 ParOldGen       total 5632K, used 72K [0x00000000c0000000, 0x00000000c0580000, 0x00000000eab00000)
  object space 5632K, 1% used [0x00000000c0000000,0x00000000c0012000,0x00000000c0580000)
 Metaspace       used 5278K, capacity 6388K, committed 6656K, reserved 1056768K
  class space    used 639K, capacity 688K, committed 768K, reserved 1048576K
Event: 1.279 GC heap after
Heap after GC invocations=3 (full 0):
 PSYoungGen      total 3584K, used 480K [0x00000000eab00000, 0x00000000eb200000, 0x0000000100000000)
  eden space 3072K, 0% used [0x00000000eab00000,0x00000000eab00000,0x00000000eae00000)
  from space 512K, 93% used [0x00000000eae00000,0x00000000eae78010,0x00000000eae80000)
  to   space 512K, 0% used [0x00000000eb180000,0x00000000eb180000,0x00000000eb200000)
 ParOldGen       total 5632K, used 568K [0x00000000c0000000, 0x00000000c0580000, 0x00000000eab00000)
  object space 5632K, 10% used [0x00000000c0000000,0x00000000c008e348,0x00000000c0580000)
 Metaspace       used 5278K, capacity 6388K, committed 6656K, reserved 1056768K
  class space    used 639K, capacity 688K, committed 768K, reserved 1048576K
}
Event: 1.457 GC heap before
{Heap before GC invocations=4 (full 0):
 PSYoungGen      total 3584K, used 3552K [0x00000000eab00000, 0x00000000eb200000, 0x0000000100000000)
  eden space 3072K, 100% used [0x00000000eab00000,0x00000000eae00000,0x00000000eae00000)
  from space 512K, 93% used [0x00000000eae00000,0x00000000eae78010,0x00000000eae80000)
  to   space 512K, 0% used [0x00000000eb180000,0x00000000eb180000,0x00000000eb200000)
 ParOldGen       total 5632K, used 568K [0x00000000c0000000, 0x00000000c0580000, 0x00000000eab00000)
  object space 5632K, 10% used [0x00000000c0000000,0x00000000c008e348,0x00000000c0580000)
 Metaspace       used 6345K, capacity 7444K, committed 7552K, reserved 1056768K
  class space    used 797K, capacity 848K, committed 896K, reserved 1048576K
Event: 1.470 GC heap after
Heap after GC invocations=4 (full 0):
 PSYoungGen      total 6656K, used 496K [0x00000000eab00000, 0x00000000eb200000, 0x0000000100000000)
  eden space 6144K, 0% used [0x00000000eab00000,0x00000000eab00000,0x00000000eb100000)
  from space 512K, 96% used [0x00000000eb180000,0x00000000eb1fc020,0x00000000eb200000)
  to   space 512K, 0% used [0x00000000eb100000,0x00000000eb100000,0x00000000eb180000)
 ParOldGen       total 5632K, used 902K [0x00000000c0000000, 0x00000000c0580000, 0x00000000eab00000)
  object space 5632K, 16% used [0x00000000c0000000,0x00000000c00e1868,0x00000000c0580000)
 Metaspace       used 6345K, capacity 7444K, committed 7552K, reserved 1056768K
  class space    used 797K, capacity 848K, committed 896K, reserved 1048576K
}
Event: 1.677 GC heap before
{Heap before GC invocations=5 (full 0):
 PSYoungGen      total 6656K, used 6640K [0x00000000eab00000, 0x00000000eb200000, 0x0000000100000000)
  eden space 6144K, 100% used [0x00000000eab00000,0x00000000eb100000,0x00000000eb100000)
  from space 512K, 96% used [0x00000000eb180000,0x00000000eb1fc020,0x00000000eb200000)
  to   space 512K, 0% used [0x00000000eb100000,0x00000000eb100000,0x00000000eb180000)
 ParOldGen       total 5632K, used 902K [0x00000000c0000000, 0x00000000c0580000, 0x00000000eab00000)
  object space 5632K, 16% used [0x00000000c0000000,0x00000000c00e1868,0x00000000c0580000)
 Metaspace       used 7376K, capacity 8180K, committed 8448K, reserved 1056768K
  class space    used 901K, capacity 944K, committed 1024K, reserved 1048576K
Event: 1.690 GC heap after
Heap after GC invocations=5 (full 0):
 PSYoungGen      total 6656K, used 512K [0x00000000eab00000, 0x00000000ebe00000, 0x0000000100000000)
  eden space 6144K, 0% used [0x00000000eab00000,0x00000000eab00000,0x00000000eb100000)
  from space 512K, 100% used [0x00000000eb100000,0x00000000eb180000,0x00000000eb180000)
  to   space 3584K, 0% used [0x00000000eba80000,0x00000000eba80000,0x00000000ebe00000)
 ParOldGen       total 5632K, used 4744K [0x00000000c0000000, 0x00000000c0580000, 0x00000000eab00000)
  object space 5632K, 84% used [0x00000000c0000000,0x00000000c04a2230,0x00000000c0580000)
 Metaspace       used 7376K, capacity 8180K, committed 8448K, reserved 1056768K
  class space    used 901K, capacity 944K, committed 1024K, reserved 1048576K
}
Event: 1.690 GC heap before
{Heap before GC invocations=6 (full 1):
 PSYoungGen      total 6656K, used 512K [0x00000000eab00000, 0x00000000ebe00000, 0x0000000100000000)
  eden space 6144K, 0% used [0x00000000eab00000,0x00000000eab00000,0x00000000eb100000)
  from space 512K, 100% used [0x00000000eb100000,0x00000000eb180000,0x00000000eb180000)
  to   space 3584K, 0% used [0x00000000eba80000,0x00000000eba80000,0x00000000ebe00000)
 ParOldGen       total 5632K, used 4744K [0x00000000c0000000, 0x00000000c0580000, 0x00000000eab00000)
  object space 5632K, 84% used [0x00000000c0000000,0x00000000c04a2230,0x00000000c0580000)
 Metaspace       used 7376K, capacity 8180K, committed 8448K, reserved 1056768K
  class space    used 901K, capacity 944K, committed 1024K, reserved 1048576K
Event: 1.738 GC heap after
Heap after GC invocations=6 (full 1):
 PSYoungGen      total 6656K, used 0K [0x00000000eab00000, 0x00000000ebe00000, 0x0000000100000000)
  eden space 6144K, 0% used [0x00000000eab00000,0x00000000eab00000,0x00000000eb100000)
  from space 512K, 0% used [0x00000000eb100000,0x00000000eb100000,0x00000000eb180000)
  to   space 3584K, 0% used [0x00000000eba80000,0x00000000eba80000,0x00000000ebe00000)
 ParOldGen       total 10752K, used 5177K [0x00000000c0000000, 0x00000000c0a80000, 0x00000000eab00000)
  object space 10752K, 48% used [0x00000000c0000000,0x00000000c050e6c0,0x00000000c0a80000)
 Metaspace       used 7376K, capacity 8180K, committed 8448K, reserved 1056768K
  class space    used 901K, capacity 944K, committed 1024K, reserved 1048576K
}
Event: 1.902 GC heap before
{Heap before GC invocations=7 (full 1):
 PSYoungGen      total 6656K, used 6144K [0x00000000eab00000, 0x00000000ebe00000, 0x0000000100000000)
  eden space 6144K, 100% used [0x00000000eab00000,0x00000000eb100000,0x00000000eb100000)
  from space 512K, 0% used [0x00000000eb100000,0x00000000eb100000,0x00000000eb180000)
  to   space 3584K, 0% used [0x00000000eba80000,0x00000000eba80000,0x00000000ebe00000)
 ParOldGen       total 10752K, used 5177K [0x00000000c0000000, 0x00000000c0a80000, 0x00000000eab00000)
  object space 10752K, 48% used [0x00000000c0000000,0x00000000c050e6c0,0x00000000c0a80000)
 Metaspace       used 7581K, capacity 8308K, committed 8448K, reserved 1056768K
  class space    used 916K, capacity 944K, committed 1024K, reserved 1048576K
Event: 1.912 GC heap after
Heap after GC invocations=7 (full 1):
 PSYoungGen      total 13312K, used 2787K [0x00000000eab00000, 0x00000000ebd80000, 0x0000000100000000)
  eden space 10240K, 0% used [0x00000000eab00000,0x00000000eab00000,0x00000000eb500000)
  from space 3072K, 90% used [0x00000000eba80000,0x00000000ebd38c00,0x00000000ebd80000)
  to   space 4096K, 0% used [0x00000000eb580000,0x00000000eb580000,0x00000000eb980000)
 ParOldGen       total 10752K, used 5185K [0x00000000c0000000, 0x00000000c0a80000, 0x00000000eab00000)
  object space 10752K, 48% used [0x00000000c0000000,0x00000000c05106c0,0x00000000c0a80000)
 Metaspace       used 7581K, capacity 8308K, committed 8448K, reserved 1056768K
  class space    used 916K, capacity 944K, committed 1024K, reserved 1048576K
}

