# JRE version: Java(TM) SE Runtime Environment (8.0_121-b13) (build 1.8.0_121-b13)
# Java VM: Java HotSpot(TM) 64-Bit Server VM (25.121-b13 mixed mode windows-amd64 compressed oops)
Heap:
 PSYoungGen      total 13824K, used 6191K [0x00000000eab00000, 0x00000000ebd00000, 0x0000000100000000)
  eden space 10752K, 29% used [0x00000000eab00000,0x00000000eae1fc48,0x00000000eb580000)
  from space 3072K, 97% used [0x00000000eb900000,0x00000000ebbec290,0x00000000ebc00000)
  to   space 3584K, 0% used [0x00000000eb580000,0x00000000eb580000,0x00000000eb900000)
 ParOldGen       total 5632K, used 3781K [0x00000000c0000000, 0x00000000c0580000, 0x00000000eab00000)
  object space 5632K, 67% used [0x00000000c0000000,0x00000000c03b15a0,0x00000000c0580000)
 Metaspace       used 8324K, capacity 8832K, committed 8960K, reserved 1056768K
  class space    used 1002K, capacity 1012K, committed 1024K, reserved 1048576K
GC Heap History (10 events):
Event: 0.529 GC heap before
{Heap before GC invocations=4 (full 0):
 PSYoungGen      total 2048K, used 2048K [0x00000000eab00000, 0x00000000eaf00000, 0x0000000100000000)
  eden space 1536K, 100% used [0x00000000eab00000,0x00000000eac80000,0x00000000eac80000)
  from space 512K, 100% used [0x00000000eac80000,0x00000000ead00000,0x00000000ead00000)
  to   space 512K, 0% used [0x00000000eae80000,0x00000000eae80000,0x00000000eaf00000)
 ParOldGen       total 5632K, used 488K [0x00000000c0000000, 0x00000000c0580000, 0x00000000eab00000)
  object space 5632K, 8% used [0x00000000c0000000,0x00000000c007a060,0x00000000c0580000)
 Metaspace       used 5249K, capacity 6388K, committed 6656K, reserved 1056768K
  class space    used 640K, capacity 688K, committed 768K, reserved 1048576K
Event: 0.531 GC heap after
Heap after GC invocations=4 (full 0):
 PSYoungGen      total 3584K, used 512K [0x00000000eab00000, 0x00000000eaf00000, 0x0000000100000000)
  eden space 3072K, 0% used [0x00000000eab00000,0x00000000eab00000,0x00000000eae00000)
  from space 512K, 100% used [0x00000000eae80000,0x00000000eaf00000,0x00000000eaf00000)
  to   space 512K, 0% used [0x00000000eae00000,0x00000000eae00000,0x00000000eae80000)
 ParOldGen       total 5632K, used 536K [0x00000000c0000000, 0x00000000c0580000, 0x00000000eab00000)
  object space 5632K, 9% used [0x00000000c0000000,0x00000000c0086060,0x00000000c0580000)
 Metaspace       used 5249K, capacity 6388K, committed 6656K, reserved 1056768K
  class space    used 640K, capacity 688K, committed 768K, reserved 1048576K
}
Event: 0.661 GC heap before
{Heap before GC invocations=5 (full 0):
 PSYoungGen      total 3584K, used 3584K [0x00000000eab00000, 0x00000000eaf00000, 0x0000000100000000)
  eden space 3072K, 100% used [0x00000000eab00000,0x00000000eae00000,0x00000000eae00000)
  from space 512K, 100% used [0x00000000eae80000,0x00000000eaf00000,0x00000000eaf00000)
  to   space 512K, 0% used [0x00000000eae00000,0x00000000eae00000,0x00000000eae80000)
 ParOldGen       total 5632K, used 536K [0x00000000c0000000, 0x00000000c0580000, 0x00000000eab00000)
  object space 5632K, 9% used [0x00000000c0000000,0x00000000c0086060,0x00000000c0580000)
 Metaspace       used 6366K, capacity 7444K, committed 7552K, reserved 1056768K
  class space    used 798K, capacity 848K, committed 896K, reserved 1048576K
Event: 0.664 GC heap after
Heap after GC invocations=5 (full 0):
 PSYoungGen      total 3584K, used 496K [0x00000000eab00000, 0x00000000eb300000, 0x0000000100000000)
  eden space 3072K, 0% used [0x00000000eab00000,0x00000000eab00000,0x00000000eae00000)
  from space 512K, 96% used [0x00000000eae00000,0x00000000eae7c010,0x00000000eae80000)
  to   space 1024K, 0% used [0x00000000eb200000,0x00000000eb200000,0x00000000eb300000)
 ParOldGen       total 5632K, used 928K [0x00000000c0000000, 0x00000000c0580000, 0x00000000eab00000)
  object space 5632K, 16% used [0x00000000c0000000,0x00000000c00e8060,0x00000000c0580000)
 Metaspace       used 6366K, capacity 7444K, committed 7552K, reserved 1056768K
  class space    used 798K, capacity 848K, committed 896K, reserved 1048576K
}
Event: 0.817 GC heap before
{Heap before GC invocations=6 (full 0):
 PSYoungGen      total 3584K, used 3149K [0x00000000eab00000, 0x00000000eb300000, 0x0000000100000000)
  eden space 3072K, 86% used [0x00000000eab00000,0x00000000ead97670,0x00000000eae00000)
  from space 512K, 96% used [0x00000000eae00000,0x00000000eae7c010,0x00000000eae80000)
  to   space 1024K, 0% used [0x00000000eb200000,0x00000000eb200000,0x00000000eb300000)
 ParOldGen       total 5632K, used 928K [0x00000000c0000000, 0x00000000c0580000, 0x00000000eab00000)
  object space 5632K, 16% used [0x00000000c0000000,0x00000000c00e8060,0x00000000c0580000)
 Metaspace       used 7363K, capacity 8180K, committed 8448K, reserved 1056768K
  class space    used 903K, capacity 944K, committed 1024K, reserved 1048576K
Event: 0.822 GC heap after
Heap after GC invocations=6 (full 0):
 PSYoungGen      total 6656K, used 1019K [0x00000000eab00000, 0x00000000eb400000, 0x0000000100000000)
  eden space 5632K, 0% used [0x00000000eab00000,0x00000000eab00000,0x00000000eb080000)
  from space 1024K, 99% used [0x00000000eb200000,0x00000000eb2fee40,0x00000000eb300000)
  to   space 1536K, 0% used [0x00000000eb080000,0x00000000eb080000,0x00000000eb200000)
 ParOldGen       total 5632K, used 1023K [0x00000000c0000000, 0x00000000c0580000, 0x00000000eab00000)
  object space 5632K, 18% used [0x00000000c0000000,0x00000000c00ffe80,0x00000000c0580000)
 Metaspace       used 7363K, capacity 8180K, committed 8448K, reserved 1056768K
  class space    used 903K, capacity 944K, committed 1024K, reserved 1048576K
}
Event: 0.885 GC heap before
{Heap before GC invocations=7 (full 0):
 PSYoungGen      total 6656K, used 6228K [0x00000000eab00000, 0x00000000eb400000, 0x0000000100000000)
  eden space 5632K, 92% used [0x00000000eab00000,0x00000000eb016230,0x00000000eb080000)
  from space 1024K, 99% used [0x00000000eb200000,0x00000000eb2fee40,0x00000000eb300000)
  to   space 1536K, 0% used [0x00000000eb080000,0x00000000eb080000,0x00000000eb200000)
 ParOldGen       total 5632K, used 1023K [0x00000000c0000000, 0x00000000c0580000, 0x00000000eab00000)
  object space 5632K, 18% used [0x00000000c0000000,0x00000000c00ffe80,0x00000000c0580000)
 Metaspace       used 7384K, capacity 8180K, committed 8448K, reserved 1056768K
  class space    used 904K, capacity 944K, committed 1024K, reserved 1048576K
Event: 0.920 GC heap after
Heap after GC invocations=7 (full 0):
 PSYoungGen      total 7168K, used 1527K [0x00000000eab00000, 0x00000000ebc00000, 0x0000000100000000)
  eden space 5632K, 0% used [0x00000000eab00000,0x00000000eab00000,0x00000000eb080000)
  from space 1536K, 99% used [0x00000000eb080000,0x00000000eb1fde18,0x00000000eb200000)
  to   space 3072K, 0% used [0x00000000eb900000,0x00000000eb900000,0x00000000ebc00000)
 ParOldGen       total 5632K, used 3125K [0x00000000c0000000, 0x00000000c0580000, 0x00000000eab00000)
  object space 5632K, 55% used [0x00000000c0000000,0x00000000c030d498,0x00000000c0580000)
 Metaspace       used 7384K, capacity 8180K, committed 8448K, reserved 1056768K
  class space    used 904K, capacity 944K, committed 1024K, reserved 1048576K
}
Event: 1.104 GC heap before
{Heap before GC invocations=8 (full 0):
 PSYoungGen      total 7168K, used 7159K [0x00000000eab00000, 0x00000000ebc00000, 0x0000000100000000)
  eden space 5632K, 100% used [0x00000000eab00000,0x00000000eb080000,0x00000000eb080000)
  from space 1536K, 99% used [0x00000000eb080000,0x00000000eb1fde18,0x00000000eb200000)
  to   space 3072K, 0% used [0x00000000eb900000,0x00000000eb900000,0x00000000ebc00000)
 ParOldGen       total 5632K, used 3125K [0x00000000c0000000, 0x00000000c0580000, 0x00000000eab00000)
  object space 5632K, 55% used [0x00000000c0000000,0x00000000c030d498,0x00000000c0580000)
 Metaspace       used 7498K, capacity 8244K, committed 8448K, reserved 1056768K
  class space    used 911K, capacity 944K, committed 1024K, reserved 1048576K
Event: 1.223 GC heap after
Heap after GC invocations=8 (full 0):
 PSYoungGen      total 13824K, used 2992K [0x00000000eab00000, 0x00000000ebd00000, 0x0000000100000000)
  eden space 10752K, 0% used [0x00000000eab00000,0x00000000eab00000,0x00000000eb580000)
  from space 3072K, 97% used [0x00000000eb900000,0x00000000ebbec290,0x00000000ebc00000)
  to   space 3584K, 0% used [0x00000000eb580000,0x00000000eb580000,0x00000000eb900000)
 ParOldGen       total 5632K, used 3781K [0x00000000c0000000, 0x00000000c0580000, 0x00000000eab00000)
  object space 5632K, 67% used [0x00000000c0000000,0x00000000c03b15a0,0x00000000c0580000)
 Metaspace       used 7498K, capacity 8244K, committed 8448K, reserved 1056768K
  class space    used 911K, capacity 944K, committed 1024K, reserved 1048576K
}

